
Gurobi 9.5.2 (win64, C++) logging started Thu Oct 20 16:31:55 2022

Set parameter Username
Set parameter LogFile to value "PortfolioOptimization.log"
Academic license - for non-commercial use only - expires 2023-10-06
Gurobi Optimizer version 9.5.2 build v9.5.2rc0 (win64)
Thread count: 4 physical cores, 8 logical processors, using up to 8 threads
Optimize a model with 0 rows, 0 columns and 0 nonzeros
Model fingerprint: 0xf9715da1
Coefficient statistics:
  Matrix range     [0e+00, 0e+00]
  Objective range  [0e+00, 0e+00]
  Bounds range     [0e+00, 0e+00]
  RHS range        [0e+00, 0e+00]
Presolve time: 0.02s
Presolve: All rows and columns removed
Iteration    Objective       Primal Inf.    Dual Inf.      Time
       0    0.0000000e+00   0.000000e+00   0.000000e+00      0s

Solved in 0 iterations and 0.02 seconds (0.00 work units)
Optimal objective  0.000000000e+00

Gurobi 9.5.2 (win64, C++) logging started Thu Oct 20 18:12:20 2022

Set parameter Username
Set parameter LogFile to value "PortfolioOptimization.log"
Academic license - for non-commercial use only - expires 2023-10-06
Gurobi Optimizer version 9.5.2 build v9.5.2rc0 (win64)
Thread count: 4 physical cores, 8 logical processors, using up to 8 threads
Optimize a model with 2 rows, 5 columns and 10 nonzeros
Model fingerprint: 0x1008ee21
Coefficient statistics:
  Matrix range     [1e+00, 1e+01]
  Objective range  [7e+01, 3e+02]
  Bounds range     [1e+00, 1e+00]
  RHS range        [1e+00, 1e+01]
Presolve time: 0.01s
Presolved: 2 rows, 5 columns, 10 nonzeros

Iteration    Objective       Primal Inf.    Dual Inf.      Time
       0    2.6276903e+02   4.596805e-01   0.000000e+00      0s
       1    1.4326242e+02   0.000000e+00   0.000000e+00      0s

Solved in 1 iterations and 0.01 seconds (0.00 work units)
Optimal objective  1.432624245e+02

Gurobi 9.5.2 (win64, C++) logging started Thu Oct 20 18:13:11 2022

Set parameter Username
Set parameter LogFile to value "PortfolioOptimization.log"
Academic license - for non-commercial use only - expires 2023-10-06
Gurobi Optimizer version 9.5.2 build v9.5.2rc0 (win64)
Thread count: 4 physical cores, 8 logical processors, using up to 8 threads
Optimize a model with 2 rows, 5 columns and 10 nonzeros
Model fingerprint: 0x1008ee21
Coefficient statistics:
  Matrix range     [1e+00, 1e+01]
  Objective range  [7e+01, 3e+02]
  Bounds range     [1e+00, 1e+00]
  RHS range        [1e+00, 1e+01]
Presolve time: 0.00s
Presolved: 2 rows, 5 columns, 10 nonzeros

Iteration    Objective       Primal Inf.    Dual Inf.      Time
       0    2.6276903e+02   4.596805e-01   0.000000e+00      0s
       1    1.4326242e+02   0.000000e+00   0.000000e+00      0s

Solved in 1 iterations and 0.01 seconds (0.00 work units)
Optimal objective  1.432624245e+02

Gurobi 9.5.2 (win64, C++) logging started Thu Oct 20 18:13:16 2022

Set parameter Username
Set parameter LogFile to value "PortfolioOptimization.log"
Academic license - for non-commercial use only - expires 2023-10-06
Gurobi Optimizer version 9.5.2 build v9.5.2rc0 (win64)
Thread count: 4 physical cores, 8 logical processors, using up to 8 threads
Optimize a model with 2 rows, 5 columns and 10 nonzeros
Model fingerprint: 0x1008ee21
Coefficient statistics:
  Matrix range     [1e+00, 1e+01]
  Objective range  [7e+01, 3e+02]
  Bounds range     [1e+00, 1e+00]
  RHS range        [1e+00, 1e+01]
Presolve time: 0.01s
Presolved: 2 rows, 5 columns, 10 nonzeros

Iteration    Objective       Primal Inf.    Dual Inf.      Time
       0    2.6276903e+02   4.596805e-01   0.000000e+00      0s
       1    1.4326242e+02   0.000000e+00   0.000000e+00      0s

Solved in 1 iterations and 0.01 seconds (0.00 work units)
Optimal objective  1.432624245e+02

Gurobi 9.5.2 (win64, C++) logging started Thu Oct 20 18:13:30 2022

Set parameter Username
Set parameter LogFile to value "PortfolioOptimization.log"
Academic license - for non-commercial use only - expires 2023-10-06

Gurobi 9.5.2 (win64, C++) logging started Thu Oct 20 18:13:56 2022

Set parameter Username
Set parameter LogFile to value "PortfolioOptimization.log"
Academic license - for non-commercial use only - expires 2023-10-06
Gurobi Optimizer version 9.5.2 build v9.5.2rc0 (win64)
Thread count: 4 physical cores, 8 logical processors, using up to 8 threads
Optimize a model with 2 rows, 5 columns and 10 nonzeros
Model fingerprint: 0x1008ee21
Coefficient statistics:
  Matrix range     [1e+00, 1e+01]
  Objective range  [7e+01, 3e+02]
  Bounds range     [1e+00, 1e+00]
  RHS range        [1e+00, 1e+01]
Presolve time: 0.00s
Presolved: 2 rows, 5 columns, 10 nonzeros

Iteration    Objective       Primal Inf.    Dual Inf.      Time
       0    2.6276903e+02   4.596805e-01   0.000000e+00      0s
       1    1.4326242e+02   0.000000e+00   0.000000e+00      0s

Solved in 1 iterations and 0.01 seconds (0.00 work units)
Optimal objective  1.432624245e+02

Gurobi 9.5.2 (win64, C++) logging started Thu Oct 20 18:14:07 2022

Set parameter Username
Set parameter LogFile to value "PortfolioOptimization.log"
Academic license - for non-commercial use only - expires 2023-10-06
Gurobi Optimizer version 9.5.2 build v9.5.2rc0 (win64)
Thread count: 4 physical cores, 8 logical processors, using up to 8 threads
Optimize a model with 2 rows, 5 columns and 10 nonzeros
Model fingerprint: 0x1008ee21
Coefficient statistics:
  Matrix range     [1e+00, 1e+01]
  Objective range  [7e+01, 3e+02]
  Bounds range     [1e+00, 1e+00]
  RHS range        [1e+00, 1e+01]
Presolve time: 0.00s
Presolved: 2 rows, 5 columns, 10 nonzeros

Iteration    Objective       Primal Inf.    Dual Inf.      Time
       0    2.6276903e+02   4.596805e-01   0.000000e+00      0s
       1    1.4326242e+02   0.000000e+00   0.000000e+00      0s

Solved in 1 iterations and 0.00 seconds (0.00 work units)
Optimal objective  1.432624245e+02

Gurobi 9.5.2 (win64, C++) logging started Thu Oct 20 18:16:19 2022

Set parameter Username
Set parameter LogFile to value "PortfolioOptimization.log"
Academic license - for non-commercial use only - expires 2023-10-06
Gurobi Optimizer version 9.5.2 build v9.5.2rc0 (win64)
Thread count: 4 physical cores, 8 logical processors, using up to 8 threads
Optimize a model with 2 rows, 5 columns and 10 nonzeros
Model fingerprint: 0x1008ee21
Coefficient statistics:
  Matrix range     [1e+00, 1e+01]
  Objective range  [7e+01, 3e+02]
  Bounds range     [1e+00, 1e+00]
  RHS range        [1e+00, 1e+01]
Presolve time: 0.01s
Presolved: 2 rows, 5 columns, 10 nonzeros

Iteration    Objective       Primal Inf.    Dual Inf.      Time
       0    2.6276903e+02   4.596805e-01   0.000000e+00      0s
       1    1.4326242e+02   0.000000e+00   0.000000e+00      0s

Solved in 1 iterations and 0.01 seconds (0.00 work units)
Optimal objective  1.432624245e+02

Gurobi 9.5.2 (win64, C++) logging started Thu Oct 20 18:18:22 2022

Set parameter Username
Set parameter LogFile to value "PortfolioOptimization.log"
Academic license - for non-commercial use only - expires 2023-10-06
Gurobi Optimizer version 9.5.2 build v9.5.2rc0 (win64)
Thread count: 4 physical cores, 8 logical processors, using up to 8 threads
Optimize a model with 2 rows, 5 columns and 10 nonzeros
Model fingerprint: 0x1008ee21
Coefficient statistics:
  Matrix range     [1e+00, 1e+01]
  Objective range  [7e+01, 3e+02]
  Bounds range     [1e+00, 1e+00]
  RHS range        [1e+00, 1e+01]
Presolve time: 0.00s
Presolved: 2 rows, 5 columns, 10 nonzeros

Iteration    Objective       Primal Inf.    Dual Inf.      Time
       0    2.6276903e+02   4.596805e-01   0.000000e+00      0s
       1    1.4326242e+02   0.000000e+00   0.000000e+00      0s

Solved in 1 iterations and 0.01 seconds (0.00 work units)
Optimal objective  1.432624245e+02

Gurobi 9.5.2 (win64, C++) logging started Thu Oct 20 18:18:52 2022

Set parameter Username
Set parameter LogFile to value "PortfolioOptimization.log"
Academic license - for non-commercial use only - expires 2023-10-06
Gurobi Optimizer version 9.5.2 build v9.5.2rc0 (win64)
Thread count: 4 physical cores, 8 logical processors, using up to 8 threads
Optimize a model with 2 rows, 5 columns and 10 nonzeros
Model fingerprint: 0x1008ee21
Coefficient statistics:
  Matrix range     [1e+00, 1e+01]
  Objective range  [7e+01, 3e+02]
  Bounds range     [1e+00, 1e+00]
  RHS range        [1e+00, 1e+01]
Presolve time: 0.00s
Presolved: 2 rows, 5 columns, 10 nonzeros

Iteration    Objective       Primal Inf.    Dual Inf.      Time
       0    2.6276903e+02   4.596805e-01   0.000000e+00      0s
       1    1.4326242e+02   0.000000e+00   0.000000e+00      0s

Solved in 1 iterations and 0.01 seconds (0.00 work units)
Optimal objective  1.432624245e+02

Gurobi 9.5.2 (win64, C++) logging started Thu Oct 20 18:37:59 2022

Set parameter Username
Set parameter LogFile to value "PortfolioOptimization.log"
Academic license - for non-commercial use only - expires 2023-10-06
Gurobi Optimizer version 9.5.2 build v9.5.2rc0 (win64)
Thread count: 4 physical cores, 8 logical processors, using up to 8 threads
Optimize a model with 2 rows, 5 columns and 10 nonzeros
Model fingerprint: 0x1008ee21
Coefficient statistics:
  Matrix range     [1e+00, 1e+01]
  Objective range  [7e+01, 3e+02]
  Bounds range     [1e+00, 1e+00]
  RHS range        [1e+00, 1e+01]
Presolve time: 0.00s
Presolved: 2 rows, 5 columns, 10 nonzeros

Iteration    Objective       Primal Inf.    Dual Inf.      Time
       0    2.6276903e+02   4.596805e-01   0.000000e+00      0s
       1    1.4326242e+02   0.000000e+00   0.000000e+00      0s

Solved in 1 iterations and 0.01 seconds (0.00 work units)
Optimal objective  1.432624245e+02

Gurobi 9.5.2 (win64, C++) logging started Thu Oct 20 20:01:46 2022

Set parameter Username
Set parameter LogFile to value "PortfolioOptimization.log"
Academic license - for non-commercial use only - expires 2023-10-06
Gurobi Optimizer version 9.5.2 build v9.5.2rc0 (win64)
Thread count: 4 physical cores, 8 logical processors, using up to 8 threads
Optimize a model with 2 rows, 5 columns and 10 nonzeros
Model fingerprint: 0x1008ee21
Coefficient statistics:
  Matrix range     [1e+00, 1e+01]
  Objective range  [7e+01, 3e+02]
  Bounds range     [1e+00, 1e+00]
  RHS range        [1e+00, 1e+01]
Presolve time: 0.01s
Presolved: 2 rows, 5 columns, 10 nonzeros

Iteration    Objective       Primal Inf.    Dual Inf.      Time
       0    2.6276903e+02   4.596805e-01   0.000000e+00      0s
       1    1.4326242e+02   0.000000e+00   0.000000e+00      0s

Solved in 1 iterations and 0.01 seconds (0.00 work units)
Optimal objective  1.432624245e+02

Gurobi 9.5.2 (win64, C++) logging started Thu Oct 20 20:02:02 2022

Set parameter Username
Set parameter LogFile to value "PortfolioOptimization.log"
Academic license - for non-commercial use only - expires 2023-10-06
Gurobi Optimizer version 9.5.2 build v9.5.2rc0 (win64)
Thread count: 4 physical cores, 8 logical processors, using up to 8 threads
Optimize a model with 2 rows, 5 columns and 10 nonzeros
Model fingerprint: 0x1008ee21
Coefficient statistics:
  Matrix range     [1e+00, 1e+01]
  Objective range  [7e+01, 3e+02]
  Bounds range     [1e+00, 1e+00]
  RHS range        [1e+00, 1e+01]
Presolve time: 0.01s
Presolved: 2 rows, 5 columns, 10 nonzeros

Iteration    Objective       Primal Inf.    Dual Inf.      Time
       0    2.6276903e+02   4.596805e-01   0.000000e+00      0s
       1    1.4326242e+02   0.000000e+00   0.000000e+00      0s

Solved in 1 iterations and 0.01 seconds (0.00 work units)
Optimal objective  1.432624245e+02

Gurobi 9.5.2 (win64, C++) logging started Thu Oct 20 20:03:38 2022

Set parameter Username
Set parameter LogFile to value "PortfolioOptimization.log"
Academic license - for non-commercial use only - expires 2023-10-06
Gurobi Optimizer version 9.5.2 build v9.5.2rc0 (win64)
Thread count: 4 physical cores, 8 logical processors, using up to 8 threads
Optimize a model with 2 rows, 3 columns and 6 nonzeros
Model fingerprint: 0xddb8d2dc
Coefficient statistics:
  Matrix range     [1e+00, 1e+01]
  Objective range  [7e+01, 3e+02]
  Bounds range     [1e+00, 1e+00]
  RHS range        [1e+00, 1e+01]
Presolve time: 0.00s
Presolved: 2 rows, 3 columns, 6 nonzeros

Iteration    Objective       Primal Inf.    Dual Inf.      Time
       0    2.9614273e+02   5.795119e-01   0.000000e+00      0s
       1    1.4440382e+02   0.000000e+00   0.000000e+00      0s

Solved in 1 iterations and 0.01 seconds (0.00 work units)
Optimal objective  1.444038245e+02

Gurobi 9.5.2 (win64, C++) logging started Thu Oct 20 20:06:29 2022

Set parameter Username
Set parameter LogFile to value "PortfolioOptimization.log"
Academic license - for non-commercial use only - expires 2023-10-06
Gurobi Optimizer version 9.5.2 build v9.5.2rc0 (win64)
Thread count: 4 physical cores, 8 logical processors, using up to 8 threads
Optimize a model with 2 rows, 3 columns and 6 nonzeros
Model fingerprint: 0xddb8d2dc
Coefficient statistics:
  Matrix range     [1e+00, 1e+01]
  Objective range  [7e+01, 3e+02]
  Bounds range     [1e+00, 1e+00]
  RHS range        [1e+00, 1e+01]
Presolve time: 0.01s
Presolved: 2 rows, 3 columns, 6 nonzeros

Iteration    Objective       Primal Inf.    Dual Inf.      Time
       0    2.9614273e+02   5.795119e-01   0.000000e+00      0s
       1    1.4440382e+02   0.000000e+00   0.000000e+00      0s

Solved in 1 iterations and 0.01 seconds (0.00 work units)
Optimal objective  1.444038245e+02

Gurobi 9.5.2 (win64, C++) logging started Thu Oct 20 20:06:32 2022

Set parameter Username
Set parameter LogFile to value "PortfolioOptimization.log"
Academic license - for non-commercial use only - expires 2023-10-06
Gurobi Optimizer version 9.5.2 build v9.5.2rc0 (win64)
Thread count: 4 physical cores, 8 logical processors, using up to 8 threads
Optimize a model with 2 rows, 3 columns and 6 nonzeros
Model fingerprint: 0xddb8d2dc
Coefficient statistics:
  Matrix range     [1e+00, 1e+01]
  Objective range  [7e+01, 3e+02]
  Bounds range     [1e+00, 1e+00]
  RHS range        [1e+00, 1e+01]
Presolve time: 0.01s
Presolved: 2 rows, 3 columns, 6 nonzeros

Iteration    Objective       Primal Inf.    Dual Inf.      Time
       0    2.9614273e+02   5.795119e-01   0.000000e+00      0s
       1    1.4440382e+02   0.000000e+00   0.000000e+00      0s

Solved in 1 iterations and 0.01 seconds (0.00 work units)
Optimal objective  1.444038245e+02

Gurobi 9.5.2 (win64, C++) logging started Thu Oct 20 20:06:43 2022

Set parameter Username
Set parameter LogFile to value "PortfolioOptimization.log"
Academic license - for non-commercial use only - expires 2023-10-06
Gurobi Optimizer version 9.5.2 build v9.5.2rc0 (win64)
Thread count: 4 physical cores, 8 logical processors, using up to 8 threads
Optimize a model with 2 rows, 3 columns and 6 nonzeros
Model fingerprint: 0xddb8d2dc
Coefficient statistics:
  Matrix range     [1e+00, 1e+01]
  Objective range  [7e+01, 3e+02]
  Bounds range     [1e+00, 1e+00]
  RHS range        [1e+00, 1e+01]
Presolve time: 0.01s
Presolved: 2 rows, 3 columns, 6 nonzeros

Iteration    Objective       Primal Inf.    Dual Inf.      Time
       0    2.9614273e+02   5.795119e-01   0.000000e+00      0s
       1    1.4440382e+02   0.000000e+00   0.000000e+00      0s

Solved in 1 iterations and 0.01 seconds (0.00 work units)
Optimal objective  1.444038245e+02

Gurobi 9.5.2 (win64, C++) logging started Thu Oct 20 20:07:10 2022

Set parameter Username
Set parameter LogFile to value "PortfolioOptimization.log"
Academic license - for non-commercial use only - expires 2023-10-06
Gurobi Optimizer version 9.5.2 build v9.5.2rc0 (win64)
Thread count: 4 physical cores, 8 logical processors, using up to 8 threads
Optimize a model with 2 rows, 3 columns and 6 nonzeros
Model fingerprint: 0xddb8d2dc
Coefficient statistics:
  Matrix range     [1e+00, 1e+01]
  Objective range  [7e+01, 3e+02]
  Bounds range     [1e+00, 1e+00]
  RHS range        [1e+00, 1e+01]
Presolve time: 0.01s
Presolved: 2 rows, 3 columns, 6 nonzeros

Iteration    Objective       Primal Inf.    Dual Inf.      Time
       0    2.9614273e+02   5.795119e-01   0.000000e+00      0s
       1    1.4440382e+02   0.000000e+00   0.000000e+00      0s

Solved in 1 iterations and 0.02 seconds (0.00 work units)
Optimal objective  1.444038245e+02

Gurobi 9.5.2 (win64, C++) logging started Thu Oct 20 20:07:25 2022

Set parameter Username
Set parameter LogFile to value "PortfolioOptimization.log"
Academic license - for non-commercial use only - expires 2023-10-06
Gurobi Optimizer version 9.5.2 build v9.5.2rc0 (win64)
Thread count: 4 physical cores, 8 logical processors, using up to 8 threads
Optimize a model with 2 rows, 3 columns and 6 nonzeros
Model fingerprint: 0xddb8d2dc
Coefficient statistics:
  Matrix range     [1e+00, 1e+01]
  Objective range  [7e+01, 3e+02]
  Bounds range     [1e+00, 1e+00]
  RHS range        [1e+00, 1e+01]
Presolve time: 0.00s
Presolved: 2 rows, 3 columns, 6 nonzeros

Iteration    Objective       Primal Inf.    Dual Inf.      Time
       0    2.9614273e+02   5.795119e-01   0.000000e+00      0s
       1    1.4440382e+02   0.000000e+00   0.000000e+00      0s

Solved in 1 iterations and 0.01 seconds (0.00 work units)
Optimal objective  1.444038245e+02

Gurobi 9.5.2 (win64, C++) logging started Thu Oct 20 20:10:05 2022

Set parameter Username
Set parameter LogFile to value "PortfolioOptimization.log"
Academic license - for non-commercial use only - expires 2023-10-06
Gurobi Optimizer version 9.5.2 build v9.5.2rc0 (win64)
Thread count: 4 physical cores, 8 logical processors, using up to 8 threads
Optimize a model with 2 rows, 3 columns and 6 nonzeros
Model fingerprint: 0xddb8d2dc
Coefficient statistics:
  Matrix range     [1e+00, 1e+01]
  Objective range  [7e+01, 3e+02]
  Bounds range     [1e+00, 1e+00]
  RHS range        [1e+00, 1e+01]
Presolve time: 0.01s
Presolved: 2 rows, 3 columns, 6 nonzeros

Iteration    Objective       Primal Inf.    Dual Inf.      Time
       0    2.9614273e+02   5.795119e-01   0.000000e+00      0s
       1    1.4440382e+02   0.000000e+00   0.000000e+00      0s

Solved in 1 iterations and 0.01 seconds (0.00 work units)
Optimal objective  1.444038245e+02

Gurobi 9.5.2 (win64, C++) logging started Thu Oct 20 20:13:48 2022

Set parameter Username
Set parameter LogFile to value "PortfolioOptimization.log"
Academic license - for non-commercial use only - expires 2023-10-06
Gurobi Optimizer version 9.5.2 build v9.5.2rc0 (win64)
Thread count: 4 physical cores, 8 logical processors, using up to 8 threads
Optimize a model with 2 rows, 3 columns and 6 nonzeros
Model fingerprint: 0x462e07ae
Coefficient statistics:
  Matrix range     [1e+00, 9e+00]
  Objective range  [7e+01, 9e+01]
  Bounds range     [1e+00, 1e+00]
  RHS range        [1e+00, 1e+01]
Presolve time: 0.01s
Presolved: 2 rows, 3 columns, 6 nonzeros

Iteration    Objective       Primal Inf.    Dual Inf.      Time
       0    8.7679837e+01   1.773971e-01   0.000000e+00      0s

Solved in 0 iterations and 0.01 seconds (0.00 work units)
Infeasible model

IIS computed: 2 constraints and 2 bounds
IIS runtime: 0.00 seconds (0.00 work units)
Warning: variable name "lambda " has a space
Warning: to let Gurobi read it back, use rlp format

Gurobi 9.5.2 (win64, C++) logging started Thu Oct 20 20:14:45 2022

Set parameter Username
Set parameter LogFile to value "PortfolioOptimization.log"
Academic license - for non-commercial use only - expires 2023-10-06
Gurobi Optimizer version 9.5.2 build v9.5.2rc0 (win64)
Thread count: 4 physical cores, 8 logical processors, using up to 8 threads
Optimize a model with 2 rows, 3 columns and 6 nonzeros
Model fingerprint: 0x462e07ae
Coefficient statistics:
  Matrix range     [1e+00, 9e+00]
  Objective range  [7e+01, 9e+01]
  Bounds range     [1e+00, 1e+00]
  RHS range        [1e+00, 1e+01]
Presolve time: 0.01s
Presolved: 2 rows, 3 columns, 6 nonzeros

Iteration    Objective       Primal Inf.    Dual Inf.      Time
       0    8.7679837e+01   1.773971e-01   0.000000e+00      0s

Solved in 0 iterations and 0.01 seconds (0.00 work units)
Infeasible model

IIS computed: 2 constraints and 2 bounds
IIS runtime: 0.00 seconds (0.00 work units)
Warning: variable name "lambda " has a space
Warning: to let Gurobi read it back, use rlp format

Gurobi 9.5.2 (win64, C++) logging started Thu Oct 20 20:14:57 2022

Set parameter Username
Set parameter LogFile to value "PortfolioOptimization.log"
Academic license - for non-commercial use only - expires 2023-10-06
Gurobi Optimizer version 9.5.2 build v9.5.2rc0 (win64)
Thread count: 4 physical cores, 8 logical processors, using up to 8 threads
Optimize a model with 2 rows, 3 columns and 6 nonzeros
Model fingerprint: 0x462e07ae
Coefficient statistics:
  Matrix range     [1e+00, 9e+00]
  Objective range  [7e+01, 9e+01]
  Bounds range     [1e+00, 1e+00]
  RHS range        [1e+00, 1e+01]
Presolve time: 0.00s
Presolved: 2 rows, 3 columns, 6 nonzeros

Iteration    Objective       Primal Inf.    Dual Inf.      Time
       0    8.7679837e+01   1.773971e-01   0.000000e+00      0s

Solved in 0 iterations and 0.01 seconds (0.00 work units)
Infeasible model

IIS computed: 2 constraints and 2 bounds
IIS runtime: 0.00 seconds (0.00 work units)
Warning: variable name "lambda " has a space
Warning: to let Gurobi read it back, use rlp format

Gurobi 9.5.2 (win64, C++) logging started Thu Oct 20 20:17:58 2022

Set parameter Username
Set parameter LogFile to value "PortfolioOptimization.log"
Academic license - for non-commercial use only - expires 2023-10-06
Gurobi Optimizer version 9.5.2 build v9.5.2rc0 (win64)
Thread count: 4 physical cores, 8 logical processors, using up to 8 threads
Optimize a model with 2 rows, 3 columns and 6 nonzeros
Model fingerprint: 0x462e07ae
Coefficient statistics:
  Matrix range     [1e+00, 9e+00]
  Objective range  [7e+01, 9e+01]
  Bounds range     [1e+00, 1e+00]
  RHS range        [1e+00, 1e+01]
Presolve time: 0.01s
Presolved: 2 rows, 3 columns, 6 nonzeros

Iteration    Objective       Primal Inf.    Dual Inf.      Time
       0    8.7679837e+01   1.773971e-01   0.000000e+00      0s

Solved in 0 iterations and 0.01 seconds (0.00 work units)
Infeasible model

Gurobi 9.5.2 (win64, C++) logging started Thu Oct 20 20:18:13 2022

Set parameter Username
Set parameter LogFile to value "PortfolioOptimization.log"
Academic license - for non-commercial use only - expires 2023-10-06
Gurobi Optimizer version 9.5.2 build v9.5.2rc0 (win64)
Thread count: 4 physical cores, 8 logical processors, using up to 8 threads
Optimize a model with 2 rows, 5 columns and 10 nonzeros
Model fingerprint: 0x1008ee21
Coefficient statistics:
  Matrix range     [1e+00, 1e+01]
  Objective range  [7e+01, 3e+02]
  Bounds range     [1e+00, 1e+00]
  RHS range        [1e+00, 1e+01]
Presolve time: 0.00s
Presolved: 2 rows, 5 columns, 10 nonzeros

Iteration    Objective       Primal Inf.    Dual Inf.      Time
       0    2.6276903e+02   4.596805e-01   0.000000e+00      0s
       1    1.4326242e+02   0.000000e+00   0.000000e+00      0s

Solved in 1 iterations and 0.01 seconds (0.00 work units)
Optimal objective  1.432624245e+02

Gurobi 9.5.2 (win64, C++) logging started Thu Oct 20 20:19:35 2022

Set parameter Username
Set parameter LogFile to value "PortfolioOptimization.log"
Academic license - for non-commercial use only - expires 2023-10-06
Gurobi Optimizer version 9.5.2 build v9.5.2rc0 (win64)
Thread count: 4 physical cores, 8 logical processors, using up to 8 threads
Optimize a model with 2 rows, 5 columns and 10 nonzeros
Model fingerprint: 0x1008ee21
Coefficient statistics:
  Matrix range     [1e+00, 1e+01]
  Objective range  [7e+01, 3e+02]
  Bounds range     [1e+00, 1e+00]
  RHS range        [1e+00, 1e+01]
Presolve time: 0.01s
Presolved: 2 rows, 5 columns, 10 nonzeros

Iteration    Objective       Primal Inf.    Dual Inf.      Time
       0    2.6276903e+02   4.596805e-01   0.000000e+00      0s
       1    1.4326242e+02   0.000000e+00   0.000000e+00      0s

Solved in 1 iterations and 0.01 seconds (0.00 work units)
Optimal objective  1.432624245e+02

Gurobi 9.5.2 (win64, C++) logging started Thu Oct 20 20:21:58 2022

Set parameter Username
Set parameter LogFile to value "PortfolioOptimization.log"
Academic license - for non-commercial use only - expires 2023-10-06
Gurobi Optimizer version 9.5.2 build v9.5.2rc0 (win64)
Thread count: 4 physical cores, 8 logical processors, using up to 8 threads
Optimize a model with 2 rows, 5 columns and 10 nonzeros
Model fingerprint: 0x1008ee21
Coefficient statistics:
  Matrix range     [1e+00, 1e+01]
  Objective range  [7e+01, 3e+02]
  Bounds range     [1e+00, 1e+00]
  RHS range        [1e+00, 1e+01]
Presolve time: 0.01s
Presolved: 2 rows, 5 columns, 10 nonzeros

Iteration    Objective       Primal Inf.    Dual Inf.      Time
       0    2.6276903e+02   4.596805e-01   0.000000e+00      0s
       1    1.4326242e+02   0.000000e+00   0.000000e+00      0s

Solved in 1 iterations and 0.02 seconds (0.00 work units)
Optimal objective  1.432624245e+02

Gurobi 9.5.2 (win64, C++) logging started Thu Oct 20 20:23:10 2022

Set parameter Username
Set parameter LogFile to value "PortfolioOptimization.log"
Academic license - for non-commercial use only - expires 2023-10-06
Gurobi Optimizer version 9.5.2 build v9.5.2rc0 (win64)
Thread count: 4 physical cores, 8 logical processors, using up to 8 threads
Optimize a model with 2 rows, 5 columns and 10 nonzeros
Model fingerprint: 0x1008ee21
Coefficient statistics:
  Matrix range     [1e+00, 1e+01]
  Objective range  [7e+01, 3e+02]
  Bounds range     [1e+00, 1e+00]
  RHS range        [1e+00, 1e+01]
Presolve time: 0.01s
Presolved: 2 rows, 5 columns, 10 nonzeros

Iteration    Objective       Primal Inf.    Dual Inf.      Time
       0    2.6276903e+02   4.596805e-01   0.000000e+00      0s
       1    1.4326242e+02   0.000000e+00   0.000000e+00      0s

Solved in 1 iterations and 0.01 seconds (0.00 work units)
Optimal objective  1.432624245e+02

Gurobi 9.5.2 (win64, C++) logging started Thu Oct 20 20:28:52 2022

Set parameter Username
Set parameter LogFile to value "PortfolioOptimization.log"
Academic license - for non-commercial use only - expires 2023-10-06
Gurobi Optimizer version 9.5.2 build v9.5.2rc0 (win64)
Thread count: 4 physical cores, 8 logical processors, using up to 8 threads
Optimize a model with 2 rows, 5 columns and 10 nonzeros
Model fingerprint: 0x1008ee21
Coefficient statistics:
  Matrix range     [1e+00, 1e+01]
  Objective range  [7e+01, 3e+02]
  Bounds range     [1e+00, 1e+00]
  RHS range        [1e+00, 1e+01]
Presolve time: 0.01s
Presolved: 2 rows, 5 columns, 10 nonzeros

Iteration    Objective       Primal Inf.    Dual Inf.      Time
       0    2.6276903e+02   4.596805e-01   0.000000e+00      0s
       1    1.4326242e+02   0.000000e+00   0.000000e+00      0s

Solved in 1 iterations and 0.01 seconds (0.00 work units)
Optimal objective  1.432624245e+02

Gurobi 9.5.2 (win64, C++) logging started Thu Oct 20 20:28:59 2022

Set parameter Username
Set parameter LogFile to value "PortfolioOptimization.log"
Academic license - for non-commercial use only - expires 2023-10-06
Gurobi Optimizer version 9.5.2 build v9.5.2rc0 (win64)
Thread count: 4 physical cores, 8 logical processors, using up to 8 threads
Optimize a model with 2 rows, 5 columns and 10 nonzeros
Model fingerprint: 0x1008ee21
Coefficient statistics:
  Matrix range     [1e+00, 1e+01]
  Objective range  [7e+01, 3e+02]
  Bounds range     [1e+00, 1e+00]
  RHS range        [1e+00, 1e+01]
Presolve time: 0.00s
Presolved: 2 rows, 5 columns, 10 nonzeros

Iteration    Objective       Primal Inf.    Dual Inf.      Time
       0    2.6276903e+02   4.596805e-01   0.000000e+00      0s
       1    1.4326242e+02   0.000000e+00   0.000000e+00      0s

Solved in 1 iterations and 0.01 seconds (0.00 work units)
Optimal objective  1.432624245e+02

Gurobi 9.5.2 (win64, C++) logging started Thu Oct 20 20:29:35 2022

Set parameter Username
Set parameter LogFile to value "PortfolioOptimization.log"
Academic license - for non-commercial use only - expires 2023-10-06
Gurobi Optimizer version 9.5.2 build v9.5.2rc0 (win64)
Thread count: 4 physical cores, 8 logical processors, using up to 8 threads
Optimize a model with 2 rows, 5 columns and 10 nonzeros
Model fingerprint: 0x1008ee21
Coefficient statistics:
  Matrix range     [1e+00, 1e+01]
  Objective range  [7e+01, 3e+02]
  Bounds range     [1e+00, 1e+00]
  RHS range        [1e+00, 1e+01]
Presolve time: 0.00s
Presolved: 2 rows, 5 columns, 10 nonzeros

Iteration    Objective       Primal Inf.    Dual Inf.      Time
       0    2.6276903e+02   4.596805e-01   0.000000e+00      0s
       1    1.4326242e+02   0.000000e+00   0.000000e+00      0s

Solved in 1 iterations and 0.01 seconds (0.00 work units)
Optimal objective  1.432624245e+02

Gurobi 9.5.2 (win64, C++) logging started Thu Oct 20 20:32:53 2022

Set parameter Username
Set parameter LogFile to value "PortfolioOptimization.log"
Academic license - for non-commercial use only - expires 2023-10-06
Gurobi Optimizer version 9.5.2 build v9.5.2rc0 (win64)
Thread count: 4 physical cores, 8 logical processors, using up to 8 threads
Optimize a model with 2 rows, 5 columns and 10 nonzeros
Model fingerprint: 0x1008ee21
Coefficient statistics:
  Matrix range     [1e+00, 1e+01]
  Objective range  [7e+01, 3e+02]
  Bounds range     [1e+00, 1e+00]
  RHS range        [1e+00, 1e+01]
Presolve time: 0.00s
Presolved: 2 rows, 5 columns, 10 nonzeros

Iteration    Objective       Primal Inf.    Dual Inf.      Time
       0    2.6276903e+02   4.596805e-01   0.000000e+00      0s
       1    1.4326242e+02   0.000000e+00   0.000000e+00      0s

Solved in 1 iterations and 0.01 seconds (0.00 work units)
Optimal objective  1.432624245e+02

Gurobi 9.5.2 (win64, C++) logging started Thu Oct 20 20:36:26 2022

Set parameter Username
Set parameter LogFile to value "PortfolioOptimization.log"
Academic license - for non-commercial use only - expires 2023-10-06
Gurobi Optimizer version 9.5.2 build v9.5.2rc0 (win64)
Thread count: 4 physical cores, 8 logical processors, using up to 8 threads
Optimize a model with 2 rows, 5 columns and 10 nonzeros
Model fingerprint: 0x1008ee21
Coefficient statistics:
  Matrix range     [1e+00, 1e+01]
  Objective range  [7e+01, 3e+02]
  Bounds range     [1e+00, 1e+00]
  RHS range        [1e+00, 1e+01]
Presolve time: 0.01s
Presolved: 2 rows, 5 columns, 10 nonzeros

Iteration    Objective       Primal Inf.    Dual Inf.      Time
       0    2.6276903e+02   4.596805e-01   0.000000e+00      0s
       1    1.4326242e+02   0.000000e+00   0.000000e+00      0s

Solved in 1 iterations and 0.01 seconds (0.00 work units)
Optimal objective  1.432624245e+02

Gurobi 9.5.2 (win64, C++) logging started Thu Oct 20 20:36:55 2022

Set parameter Username
Set parameter LogFile to value "PortfolioOptimization.log"
Academic license - for non-commercial use only - expires 2023-10-06
Gurobi Optimizer version 9.5.2 build v9.5.2rc0 (win64)
Thread count: 4 physical cores, 8 logical processors, using up to 8 threads
Optimize a model with 2 rows, 5 columns and 10 nonzeros
Model fingerprint: 0x1008ee21
Coefficient statistics:
  Matrix range     [1e+00, 1e+01]
  Objective range  [7e+01, 3e+02]
  Bounds range     [1e+00, 1e+00]
  RHS range        [1e+00, 1e+01]
Presolve time: 0.01s
Presolved: 2 rows, 5 columns, 10 nonzeros

Iteration    Objective       Primal Inf.    Dual Inf.      Time
       0    2.6276903e+02   4.596805e-01   0.000000e+00      0s
       1    1.4326242e+02   0.000000e+00   0.000000e+00      0s

Solved in 1 iterations and 0.01 seconds (0.00 work units)
Optimal objective  1.432624245e+02

Gurobi 9.5.2 (win64, C++) logging started Thu Oct 20 20:37:10 2022

Set parameter Username
Set parameter LogFile to value "PortfolioOptimization.log"
Academic license - for non-commercial use only - expires 2023-10-06
Gurobi Optimizer version 9.5.2 build v9.5.2rc0 (win64)
Thread count: 4 physical cores, 8 logical processors, using up to 8 threads
Optimize a model with 2 rows, 5 columns and 10 nonzeros
Model fingerprint: 0x1008ee21
Coefficient statistics:
  Matrix range     [1e+00, 1e+01]
  Objective range  [7e+01, 3e+02]
  Bounds range     [1e+00, 1e+00]
  RHS range        [1e+00, 1e+01]
Presolve time: 0.01s
Presolved: 2 rows, 5 columns, 10 nonzeros

Iteration    Objective       Primal Inf.    Dual Inf.      Time
       0    2.6276903e+02   4.596805e-01   0.000000e+00      0s
       1    1.4326242e+02   0.000000e+00   0.000000e+00      0s

Solved in 1 iterations and 0.01 seconds (0.00 work units)
Optimal objective  1.432624245e+02

Gurobi 9.5.2 (win64, C++) logging started Thu Oct 20 20:38:13 2022

Set parameter Username
Set parameter LogFile to value "PortfolioOptimization.log"
Academic license - for non-commercial use only - expires 2023-10-06
Gurobi Optimizer version 9.5.2 build v9.5.2rc0 (win64)
Thread count: 4 physical cores, 8 logical processors, using up to 8 threads
Optimize a model with 2 rows, 5 columns and 10 nonzeros
Model fingerprint: 0x1008ee21
Coefficient statistics:
  Matrix range     [1e+00, 1e+01]
  Objective range  [7e+01, 3e+02]
  Bounds range     [1e+00, 1e+00]
  RHS range        [1e+00, 1e+01]
Presolve time: 0.01s
Presolved: 2 rows, 5 columns, 10 nonzeros

Iteration    Objective       Primal Inf.    Dual Inf.      Time
       0    2.6276903e+02   4.596805e-01   0.000000e+00      0s
       1    1.4326242e+02   0.000000e+00   0.000000e+00      0s

Solved in 1 iterations and 0.01 seconds (0.00 work units)
Optimal objective  1.432624245e+02

Gurobi 9.5.2 (win64, C++) logging started Thu Oct 20 20:38:30 2022

Set parameter Username
Set parameter LogFile to value "PortfolioOptimization.log"
Academic license - for non-commercial use only - expires 2023-10-06
Gurobi Optimizer version 9.5.2 build v9.5.2rc0 (win64)
Thread count: 4 physical cores, 8 logical processors, using up to 8 threads
Optimize a model with 2 rows, 5 columns and 10 nonzeros
Model fingerprint: 0x1008ee21
Coefficient statistics:
  Matrix range     [1e+00, 1e+01]
  Objective range  [7e+01, 3e+02]
  Bounds range     [1e+00, 1e+00]
  RHS range        [1e+00, 1e+01]
Presolve time: 0.01s
Presolved: 2 rows, 5 columns, 10 nonzeros

Iteration    Objective       Primal Inf.    Dual Inf.      Time
       0    2.6276903e+02   4.596805e-01   0.000000e+00      0s
       1    1.4326242e+02   0.000000e+00   0.000000e+00      0s

Solved in 1 iterations and 0.02 seconds (0.00 work units)
Optimal objective  1.432624245e+02

Gurobi 9.5.2 (win64, C++) logging started Thu Oct 20 20:40:31 2022

Set parameter Username
Set parameter LogFile to value "PortfolioOptimization.log"
Academic license - for non-commercial use only - expires 2023-10-06
Gurobi Optimizer version 9.5.2 build v9.5.2rc0 (win64)
Thread count: 4 physical cores, 8 logical processors, using up to 8 threads
Optimize a model with 2 rows, 5 columns and 10 nonzeros
Model fingerprint: 0x1008ee21
Coefficient statistics:
  Matrix range     [1e+00, 1e+01]
  Objective range  [7e+01, 3e+02]
  Bounds range     [1e+00, 1e+00]
  RHS range        [1e+00, 1e+01]
Presolve time: 0.00s
Presolved: 2 rows, 5 columns, 10 nonzeros

Iteration    Objective       Primal Inf.    Dual Inf.      Time
       0    2.6276903e+02   4.596805e-01   0.000000e+00      0s
       1    1.4326242e+02   0.000000e+00   0.000000e+00      0s

Solved in 1 iterations and 0.01 seconds (0.00 work units)
Optimal objective  1.432624245e+02

Gurobi 9.5.2 (win64, C++) logging started Thu Oct 20 20:42:10 2022

Set parameter Username
Set parameter LogFile to value "PortfolioOptimization.log"
Academic license - for non-commercial use only - expires 2023-10-06
Gurobi Optimizer version 9.5.2 build v9.5.2rc0 (win64)
Thread count: 4 physical cores, 8 logical processors, using up to 8 threads
Optimize a model with 2 rows, 5 columns and 10 nonzeros
Model fingerprint: 0x1008ee21
Coefficient statistics:
  Matrix range     [1e+00, 1e+01]
  Objective range  [7e+01, 3e+02]
  Bounds range     [1e+00, 1e+00]
  RHS range        [1e+00, 1e+01]
Presolve time: 0.01s
Presolved: 2 rows, 5 columns, 10 nonzeros

Iteration    Objective       Primal Inf.    Dual Inf.      Time
       0    2.6276903e+02   4.596805e-01   0.000000e+00      0s
       1    1.4326242e+02   0.000000e+00   0.000000e+00      0s

Solved in 1 iterations and 0.02 seconds (0.00 work units)
Optimal objective  1.432624245e+02

Gurobi 9.5.2 (win64, C++) logging started Thu Oct 20 20:42:58 2022

Set parameter Username
Set parameter LogFile to value "PortfolioOptimization.log"
Academic license - for non-commercial use only - expires 2023-10-06
Gurobi Optimizer version 9.5.2 build v9.5.2rc0 (win64)
Thread count: 4 physical cores, 8 logical processors, using up to 8 threads
Optimize a model with 2 rows, 5 columns and 10 nonzeros
Model fingerprint: 0x1008ee21
Coefficient statistics:
  Matrix range     [1e+00, 1e+01]
  Objective range  [7e+01, 3e+02]
  Bounds range     [1e+00, 1e+00]
  RHS range        [1e+00, 1e+01]
Presolve time: 0.01s
Presolved: 2 rows, 5 columns, 10 nonzeros

Iteration    Objective       Primal Inf.    Dual Inf.      Time
       0    2.6276903e+02   4.596805e-01   0.000000e+00      0s
       1    1.4326242e+02   0.000000e+00   0.000000e+00      0s

Solved in 1 iterations and 0.01 seconds (0.00 work units)
Optimal objective  1.432624245e+02

Gurobi 9.5.2 (win64, C++) logging started Thu Oct 20 20:45:26 2022

Set parameter Username
Set parameter LogFile to value "PortfolioOptimization.log"
Academic license - for non-commercial use only - expires 2023-10-06
Gurobi Optimizer version 9.5.2 build v9.5.2rc0 (win64)
Thread count: 4 physical cores, 8 logical processors, using up to 8 threads
Optimize a model with 2 rows, 5 columns and 10 nonzeros
Model fingerprint: 0x1008ee21
Coefficient statistics:
  Matrix range     [1e+00, 1e+01]
  Objective range  [7e+01, 3e+02]
  Bounds range     [1e+00, 1e+00]
  RHS range        [1e+00, 1e+01]
Presolve time: 0.01s
Presolved: 2 rows, 5 columns, 10 nonzeros

Iteration    Objective       Primal Inf.    Dual Inf.      Time
       0    2.6276903e+02   4.596805e-01   0.000000e+00      0s
       1    1.4326242e+02   0.000000e+00   0.000000e+00      0s

Solved in 1 iterations and 0.02 seconds (0.00 work units)
Optimal objective  1.432624245e+02

Gurobi 9.5.2 (win64, C++) logging started Thu Oct 20 20:46:21 2022

Set parameter Username
Set parameter LogFile to value "PortfolioOptimization.log"
Academic license - for non-commercial use only - expires 2023-10-06
Gurobi Optimizer version 9.5.2 build v9.5.2rc0 (win64)
Thread count: 4 physical cores, 8 logical processors, using up to 8 threads
Optimize a model with 2 rows, 5 columns and 10 nonzeros
Model fingerprint: 0x1008ee21
Coefficient statistics:
  Matrix range     [1e+00, 1e+01]
  Objective range  [7e+01, 3e+02]
  Bounds range     [1e+00, 1e+00]
  RHS range        [1e+00, 1e+01]
Presolve time: 0.00s
Presolved: 2 rows, 5 columns, 10 nonzeros

Iteration    Objective       Primal Inf.    Dual Inf.      Time
       0    2.6276903e+02   4.596805e-01   0.000000e+00      0s
       1    1.4326242e+02   0.000000e+00   0.000000e+00      0s

Solved in 1 iterations and 0.01 seconds (0.00 work units)
Optimal objective  1.432624245e+02

Gurobi 9.5.2 (win64, C++) logging started Thu Oct 20 20:46:31 2022

Set parameter Username
Set parameter LogFile to value "PortfolioOptimization.log"
Academic license - for non-commercial use only - expires 2023-10-06
Gurobi Optimizer version 9.5.2 build v9.5.2rc0 (win64)
Thread count: 4 physical cores, 8 logical processors, using up to 8 threads
Optimize a model with 2 rows, 5 columns and 10 nonzeros
Model fingerprint: 0x1008ee21
Coefficient statistics:
  Matrix range     [1e+00, 1e+01]
  Objective range  [7e+01, 3e+02]
  Bounds range     [1e+00, 1e+00]
  RHS range        [1e+00, 1e+01]
Presolve time: 0.01s
Presolved: 2 rows, 5 columns, 10 nonzeros

Iteration    Objective       Primal Inf.    Dual Inf.      Time
       0    2.6276903e+02   4.596805e-01   0.000000e+00      0s
       1    1.4326242e+02   0.000000e+00   0.000000e+00      0s

Solved in 1 iterations and 0.02 seconds (0.00 work units)
Optimal objective  1.432624245e+02

Gurobi 9.5.2 (win64, C++) logging started Thu Oct 20 20:46:47 2022

Set parameter Username
Set parameter LogFile to value "PortfolioOptimization.log"
Academic license - for non-commercial use only - expires 2023-10-06
Gurobi Optimizer version 9.5.2 build v9.5.2rc0 (win64)
Thread count: 4 physical cores, 8 logical processors, using up to 8 threads
Optimize a model with 2 rows, 3 columns and 6 nonzeros
Model fingerprint: 0x462e07ae
Coefficient statistics:
  Matrix range     [1e+00, 9e+00]
  Objective range  [7e+01, 9e+01]
  Bounds range     [1e+00, 1e+00]
  RHS range        [1e+00, 1e+01]
Presolve time: 0.01s
Presolved: 2 rows, 3 columns, 6 nonzeros

Iteration    Objective       Primal Inf.    Dual Inf.      Time
       0    8.7679837e+01   1.773971e-01   0.000000e+00      0s

Solved in 0 iterations and 0.01 seconds (0.00 work units)
Infeasible model

IIS computed: 2 constraints and 2 bounds
IIS runtime: 0.00 seconds (0.00 work units)
Warning: variable name "lambda 0" has a space
Warning: to let Gurobi read it back, use rlp format

Gurobi 9.5.2 (win64, C++) logging started Thu Oct 20 20:47:20 2022

Set parameter Username
Set parameter LogFile to value "PortfolioOptimization.log"
Academic license - for non-commercial use only - expires 2023-10-06
Gurobi Optimizer version 9.5.2 build v9.5.2rc0 (win64)
Thread count: 4 physical cores, 8 logical processors, using up to 8 threads
Optimize a model with 2 rows, 3 columns and 6 nonzeros
Model fingerprint: 0x462e07ae
Coefficient statistics:
  Matrix range     [1e+00, 9e+00]
  Objective range  [7e+01, 9e+01]
  Bounds range     [1e+00, 1e+00]
  RHS range        [1e+00, 1e+01]
Presolve time: 0.01s
Presolved: 2 rows, 3 columns, 6 nonzeros

Iteration    Objective       Primal Inf.    Dual Inf.      Time
       0    8.7679837e+01   1.773971e-01   0.000000e+00      0s

Solved in 0 iterations and 0.01 seconds (0.00 work units)
Infeasible model

IIS computed: 2 constraints and 2 bounds
IIS runtime: 0.00 seconds (0.00 work units)

Gurobi 9.5.2 (win64, C++) logging started Thu Oct 20 20:48:29 2022

Set parameter Username
Set parameter LogFile to value "PortfolioOptimization.log"
Academic license - for non-commercial use only - expires 2023-10-06
Gurobi Optimizer version 9.5.2 build v9.5.2rc0 (win64)
Thread count: 4 physical cores, 8 logical processors, using up to 8 threads
Optimize a model with 2 rows, 3 columns and 6 nonzeros
Model fingerprint: 0x462e07ae
Coefficient statistics:
  Matrix range     [1e+00, 9e+00]
  Objective range  [7e+01, 9e+01]
  Bounds range     [1e+00, 1e+00]
  RHS range        [1e+00, 1e+01]
Presolve time: 0.00s
Presolved: 2 rows, 3 columns, 6 nonzeros

Iteration    Objective       Primal Inf.    Dual Inf.      Time
       0    8.7679837e+01   1.773971e-01   0.000000e+00      0s

Solved in 0 iterations and 0.01 seconds (0.00 work units)
Infeasible model

IIS computed: 2 constraints and 2 bounds
IIS runtime: 0.00 seconds (0.00 work units)

Gurobi 9.5.2 (win64, C++) logging started Thu Oct 20 20:49:08 2022

Set parameter Username
Set parameter LogFile to value "PortfolioOptimization.log"
Academic license - for non-commercial use only - expires 2023-10-06
Gurobi Optimizer version 9.5.2 build v9.5.2rc0 (win64)
Thread count: 4 physical cores, 8 logical processors, using up to 8 threads
Optimize a model with 2 rows, 3 columns and 6 nonzeros
Model fingerprint: 0x462e07ae
Coefficient statistics:
  Matrix range     [1e+00, 9e+00]
  Objective range  [7e+01, 9e+01]
  Bounds range     [1e+00, 1e+00]
  RHS range        [1e+00, 1e+01]
Presolve time: 0.01s
Presolved: 2 rows, 3 columns, 6 nonzeros

Iteration    Objective       Primal Inf.    Dual Inf.      Time
       0    8.7679837e+01   1.773971e-01   0.000000e+00      0s

Solved in 0 iterations and 0.01 seconds (0.00 work units)
Infeasible model

IIS computed: 2 constraints and 2 bounds
IIS runtime: 0.00 seconds (0.00 work units)

Gurobi 9.5.2 (win64, C++) logging started Thu Oct 20 20:49:19 2022

Set parameter Username
Set parameter LogFile to value "PortfolioOptimization.log"
Academic license - for non-commercial use only - expires 2023-10-06
Gurobi Optimizer version 9.5.2 build v9.5.2rc0 (win64)
Thread count: 4 physical cores, 8 logical processors, using up to 8 threads
Optimize a model with 2 rows, 3 columns and 6 nonzeros
Model fingerprint: 0x462e07ae
Coefficient statistics:
  Matrix range     [1e+00, 9e+00]
  Objective range  [7e+01, 9e+01]
  Bounds range     [1e+00, 1e+00]
  RHS range        [1e+00, 1e+01]
Presolve time: 0.00s
Presolved: 2 rows, 3 columns, 6 nonzeros

Iteration    Objective       Primal Inf.    Dual Inf.      Time
       0    8.7679837e+01   1.773971e-01   0.000000e+00      0s

Solved in 0 iterations and 0.01 seconds (0.00 work units)
Infeasible model

IIS computed: 2 constraints and 2 bounds
IIS runtime: 0.00 seconds (0.00 work units)

Gurobi 9.5.2 (win64, C++) logging started Thu Oct 20 20:49:29 2022

Set parameter Username
Set parameter LogFile to value "PortfolioOptimization.log"
Academic license - for non-commercial use only - expires 2023-10-06
Gurobi Optimizer version 9.5.2 build v9.5.2rc0 (win64)
Thread count: 4 physical cores, 8 logical processors, using up to 8 threads
Optimize a model with 2 rows, 3 columns and 6 nonzeros
Model fingerprint: 0x462e07ae
Coefficient statistics:
  Matrix range     [1e+00, 9e+00]
  Objective range  [7e+01, 9e+01]
  Bounds range     [1e+00, 1e+00]
  RHS range        [1e+00, 1e+01]
Presolve time: 0.01s
Presolved: 2 rows, 3 columns, 6 nonzeros

Iteration    Objective       Primal Inf.    Dual Inf.      Time
       0    8.7679837e+01   1.773971e-01   0.000000e+00      0s

Solved in 0 iterations and 0.01 seconds (0.00 work units)
Infeasible model

IIS computed: 2 constraints and 2 bounds
IIS runtime: 0.00 seconds (0.00 work units)

Gurobi 9.5.2 (win64, C++) logging started Thu Oct 20 20:50:01 2022

Set parameter Username
Set parameter LogFile to value "PortfolioOptimization.log"
Academic license - for non-commercial use only - expires 2023-10-06
Gurobi Optimizer version 9.5.2 build v9.5.2rc0 (win64)
Thread count: 4 physical cores, 8 logical processors, using up to 8 threads
Optimize a model with 2 rows, 3 columns and 6 nonzeros
Model fingerprint: 0xddb8d2dc
Coefficient statistics:
  Matrix range     [1e+00, 1e+01]
  Objective range  [7e+01, 3e+02]
  Bounds range     [1e+00, 1e+00]
  RHS range        [1e+00, 1e+01]
Presolve time: 0.00s
Presolved: 2 rows, 3 columns, 6 nonzeros

Iteration    Objective       Primal Inf.    Dual Inf.      Time
       0    2.9614273e+02   5.795119e-01   0.000000e+00      0s
       1    1.4440382e+02   0.000000e+00   0.000000e+00      0s

Solved in 1 iterations and 0.01 seconds (0.00 work units)
Optimal objective  1.444038245e+02

Gurobi 9.5.2 (win64, C++) logging started Thu Oct 20 20:52:01 2022

Set parameter Username
Set parameter LogFile to value "PortfolioOptimization.log"
Academic license - for non-commercial use only - expires 2023-10-06
Gurobi Optimizer version 9.5.2 build v9.5.2rc0 (win64)
Thread count: 4 physical cores, 8 logical processors, using up to 8 threads
Optimize a model with 2 rows, 5 columns and 10 nonzeros
Model fingerprint: 0x1008ee21
Coefficient statistics:
  Matrix range     [1e+00, 1e+01]
  Objective range  [7e+01, 3e+02]
  Bounds range     [1e+00, 1e+00]
  RHS range        [1e+00, 1e+01]
Presolve time: 0.01s
Presolved: 2 rows, 5 columns, 10 nonzeros

Iteration    Objective       Primal Inf.    Dual Inf.      Time
       0    2.6276903e+02   4.596805e-01   0.000000e+00      0s
       1    1.4326242e+02   0.000000e+00   0.000000e+00      0s

Solved in 1 iterations and 0.01 seconds (0.00 work units)
Optimal objective  1.432624245e+02

Gurobi 9.5.2 (win64, C++) logging started Fri Oct 21 09:24:10 2022

Set parameter Username
Set parameter LogFile to value "PortfolioOptimization.log"
Academic license - for non-commercial use only - expires 2023-10-06
Gurobi Optimizer version 9.5.2 build v9.5.2rc0 (win64)
Thread count: 4 physical cores, 8 logical processors, using up to 8 threads
Optimize a model with 2 rows, 5 columns and 10 nonzeros
Model fingerprint: 0x1008ee21
Coefficient statistics:
  Matrix range     [1e+00, 1e+01]
  Objective range  [7e+01, 3e+02]
  Bounds range     [1e+00, 1e+00]
  RHS range        [1e+00, 1e+01]
Presolve time: 0.01s
Presolved: 2 rows, 5 columns, 10 nonzeros

Iteration    Objective       Primal Inf.    Dual Inf.      Time
       0    2.6276903e+02   4.596805e-01   0.000000e+00      0s
       1    1.4326242e+02   0.000000e+00   0.000000e+00      0s

Solved in 1 iterations and 0.01 seconds (0.00 work units)
Optimal objective  1.432624245e+02
